<?xml version="1.0" encoding="UTF-8"?>
<testng-results ignored="0" total="2" passed="1" failed="1" skipped="0">
  <reporter-output>
  </reporter-output>
  <suite started-at="2025-06-09T10:15:40 EDT" name="Suite" finished-at="2025-06-09T10:17:08 EDT" duration-ms="88037">
    <groups>
      <group name="Master">
        <method signature="TC_AccountRegistraionTest_TC001.verify_account_registration()[pri:0, instance:testCase.TC_AccountRegistraionTest_TC001@36902638]" name="verify_account_registration" class="testCase.TC_AccountRegistraionTest_TC001"/>
        <method signature="TC_LoginTest_TC002.verifyLogin()[pri:0, instance:testCase.TC_LoginTest_TC002@10e31a9a]" name="verifyLogin" class="testCase.TC_LoginTest_TC002"/>
      </group> <!-- Master -->
      <group name="Sanity">
        <method signature="TC_LoginTest_TC002.verifyLogin()[pri:0, instance:testCase.TC_LoginTest_TC002@10e31a9a]" name="verifyLogin" class="testCase.TC_LoginTest_TC002"/>
      </group> <!-- Sanity -->
      <group name="Regression">
        <method signature="TC_AccountRegistraionTest_TC001.verify_account_registration()[pri:0, instance:testCase.TC_AccountRegistraionTest_TC001@36902638]" name="verify_account_registration" class="testCase.TC_AccountRegistraionTest_TC001"/>
      </group> <!-- Regression -->
    </groups>
    <test started-at="2025-06-09T10:15:40 EDT" name="Test" finished-at="2025-06-09T10:17:08 EDT" duration-ms="88037">
      <class name="testCase.TC_AccountRegistraionTest_TC001">
        <test-method is-config="true" signature="setup(java.lang.String,java.lang.String)[pri:0, instance:testCase.TC_AccountRegistraionTest_TC001@36902638]" started-at="2025-06-09T10:15:40 EDT" name="setup" finished-at="2025-06-09T10:15:51 EDT" duration-ms="10452" status="PASS">
          <params>
            <param index="0">
              <value>
                <![CDATA[window]]>
              </value>
            </param>
            <param index="1">
              <value>
                <![CDATA[chrome]]>
              </value>
            </param>
          </params>
          <reporter-output>
          </reporter-output>
        </test-method> <!-- setup -->
        <test-method signature="verify_account_registration()[pri:0, instance:testCase.TC_AccountRegistraionTest_TC001@36902638]" started-at="2025-06-09T10:15:51 EDT" name="verify_account_registration" finished-at="2025-06-09T10:15:57 EDT" duration-ms="6156" status="PASS">
          <reporter-output>
          </reporter-output>
        </test-method> <!-- verify_account_registration -->
        <test-method is-config="true" signature="teardown()[pri:0, instance:testCase.TC_AccountRegistraionTest_TC001@36902638]" started-at="2025-06-09T10:15:57 EDT" name="teardown" finished-at="2025-06-09T10:15:57 EDT" duration-ms="371" status="PASS">
          <reporter-output>
          </reporter-output>
        </test-method> <!-- teardown -->
      </class> <!-- testCase.TC_AccountRegistraionTest_TC001 -->
      <class name="testCase.TC_LoginTest_TC002">
        <test-method is-config="true" signature="setup(java.lang.String,java.lang.String)[pri:0, instance:testCase.TC_LoginTest_TC002@10e31a9a]" started-at="2025-06-09T10:15:57 EDT" name="setup" finished-at="2025-06-09T10:16:17 EDT" duration-ms="19456" status="PASS">
          <params>
            <param index="0">
              <value>
                <![CDATA[window]]>
              </value>
            </param>
            <param index="1">
              <value>
                <![CDATA[chrome]]>
              </value>
            </param>
          </params>
          <reporter-output>
          </reporter-output>
        </test-method> <!-- setup -->
        <test-method signature="verifyLogin()[pri:0, instance:testCase.TC_LoginTest_TC002@10e31a9a]" started-at="2025-06-09T10:16:17 EDT" name="verifyLogin" finished-at="2025-06-09T10:17:08 EDT" duration-ms="50898" status="FAIL">
          <exception class="java.lang.AssertionError">
            <message>
              <![CDATA[expected [true] but found [false]]]>
            </message>
            <full-stacktrace>
              <![CDATA[java.lang.AssertionError: expected [true] but found [false]
at org.testng.Assert.fail(Assert.java:111)
at org.testng.Assert.failNotEquals(Assert.java:1590)
at org.testng.Assert.assertEqualsImpl(Assert.java:150)
at org.testng.Assert.assertEquals(Assert.java:132)
at org.testng.Assert.assertEquals(Assert.java:1079)
at org.testng.Assert.assertEquals(Assert.java:1043)
at org.testng.Assert.assertEquals(Assert.java:1089)
at testCase.TC_LoginTest_TC002.verifyLogin(TC_LoginTest_TC002.java:34)
at java.base/jdk.internal.reflect.DirectMethodHandleAccessor.invoke(DirectMethodHandleAccessor.java:104)
at java.base/java.lang.reflect.Method.invoke(Method.java:578)
at org.testng.internal.invokers.MethodInvocationHelper.invokeMethod(MethodInvocationHelper.java:141)
at org.testng.internal.invokers.TestInvoker.invokeMethod(TestInvoker.java:687)
at org.testng.internal.invokers.TestInvoker.invokeTestMethod(TestInvoker.java:230)
at org.testng.internal.invokers.MethodRunner.runInSequence(MethodRunner.java:63)
at org.testng.internal.invokers.TestInvoker$MethodInvocationAgent.invoke(TestInvoker.java:995)
at org.testng.internal.invokers.TestInvoker.invokeTestMethods(TestInvoker.java:203)
at org.testng.internal.invokers.TestMethodWorker.invokeTestMethods(TestMethodWorker.java:154)
at org.testng.internal.invokers.TestMethodWorker.run(TestMethodWorker.java:134)
at java.base/java.util.ArrayList.forEach(ArrayList.java:1511)
at org.testng.TestRunner.privateRun(TestRunner.java:741)
at org.testng.TestRunner.run(TestRunner.java:616)
at org.testng.SuiteRunner.runTest(SuiteRunner.java:421)
at org.testng.SuiteRunner.runSequentially(SuiteRunner.java:413)
at org.testng.SuiteRunner.privateRun(SuiteRunner.java:373)
at org.testng.SuiteRunner.run(SuiteRunner.java:312)
at org.testng.SuiteRunnerWorker.runSuite(SuiteRunnerWorker.java:52)
at org.testng.SuiteRunnerWorker.run(SuiteRunnerWorker.java:95)
at org.testng.TestNG.runSuitesSequentially(TestNG.java:1274)
at org.testng.TestNG.runSuitesLocally(TestNG.java:1208)
at org.testng.TestNG.runSuites(TestNG.java:1112)
at org.testng.TestNG.run(TestNG.java:1079)
at org.apache.maven.surefire.testng.TestNGExecutor.run(TestNGExecutor.java:308)
at org.apache.maven.surefire.testng.TestNGXmlTestSuite.execute(TestNGXmlTestSuite.java:71)
at org.apache.maven.surefire.testng.TestNGProvider.invoke(TestNGProvider.java:113)
at org.apache.maven.surefire.booter.ForkedBooter.runSuitesInProcess(ForkedBooter.java:385)
at org.apache.maven.surefire.booter.ForkedBooter.execute(ForkedBooter.java:162)
at org.apache.maven.surefire.booter.ForkedBooter.run(ForkedBooter.java:507)
at org.apache.maven.surefire.booter.ForkedBooter.main(ForkedBooter.java:495)
]]>
            </full-stacktrace>
          </exception> <!-- java.lang.AssertionError -->
          <reporter-output>
          </reporter-output>
        </test-method> <!-- verifyLogin -->
        <test-method is-config="true" signature="teardown()[pri:0, instance:testCase.TC_LoginTest_TC002@10e31a9a]" started-at="2025-06-09T10:17:08 EDT" name="teardown" finished-at="2025-06-09T10:17:08 EDT" duration-ms="322" status="PASS">
          <reporter-output>
          </reporter-output>
        </test-method> <!-- teardown -->
      </class> <!-- testCase.TC_LoginTest_TC002 -->
    </test> <!-- Test -->
  </suite> <!-- Suite -->
</testng-results>
